Arguments: 
  C:\Program Files\nodejs\node.exe C:\Users\vkupriianov\AppData\Roaming\npm\node_modules\yarn\bin\yarn.js add react-native-screens

PATH: 
  C:\Windows\system32;C:\Windows;C:\Windows\System32\Wbem;C:\Windows\System32\WindowsPowerShell\v1.0\;C:\Windows\System32\OpenSSH\;C:\Program Files\nodejs\;C:\Program Files\Git\cmd;C:\Users\vkupriianov\AppData\Local\Microsoft\WindowsApps;C:\Users\vkupriianov\AppData\Roaming\npm

Yarn version: 
  1.22.17

Node version: 
  16.14.0

Platform: 
  win32 x64

Trace: 
  SyntaxError: C:\Users\vkupriianov\pomodoro\package.json: Unexpected token } in JSON at position 774
      at JSON.parse (<anonymous>)
      at C:\Users\vkupriianov\AppData\Roaming\npm\node_modules\yarn\lib\cli.js:1625:59
      at Generator.next (<anonymous>)
      at step (C:\Users\vkupriianov\AppData\Roaming\npm\node_modules\yarn\lib\cli.js:310:30)
      at C:\Users\vkupriianov\AppData\Roaming\npm\node_modules\yarn\lib\cli.js:321:13

npm manifest: 
  {
    "main": "node_modules/expo/AppEntry.js",
    "scripts": {
      "start": "expo start",
      "android": "expo start --android",
      "ios": "expo start --ios",
      "web": "expo start --web",
      "eject": "expo eject"
    },
    "dependencies": {
      "expo": "~43.0.2",
      "expo-status-bar": "~1.1.0",
      "react": "17.0.1",
      "react-dom": "17.0.1",
      "react-native": "0.64.3",
      "react-native-web": "0.17.1",
      "expo-font": "~10.0.3",
      "expo-constants": "~12.1.3",
      "@expo/vector-icons": "^12.0.0",
      "react-native-paper": "4.9.2",
      "react-native-screens": "~3.8.0",
      "@react-navigation/native": "6.0.0",
      "@react-navigation/native-stack": "*",
      "react-native-safe-area-context": "3.3.2",
      "@react-native-async-storage/async-storage": "~1.15.0",
  
    },
    "devDependencies": {
      "@babel/core": "^7.12.9"
    },
    "private": true
  }

yarn manifest: 
  No manifest

Lockfile: 
  No lockfile
